{"/Users/huzhiwu/Desktop/skyui-react/src/components/Icon/Icon.tsx": {"path":"/Users/huzhiwu/Desktop/skyui-react/src/components/Icon/Icon.tsx","statementMap":{"0":{"start":{"line":18,"column":4},"end":{"line":34,"column":1}},"1":{"start":{"line":19,"column":57},"end":{"line":19,"column":62}},"2":{"start":{"line":21,"column":18},"end":{"line":21,"column":31}},"3":{"start":{"line":22,"column":20},"end":{"line":22,"column":46}},"4":{"start":{"line":24,"column":2},"end":{"line":33,"column":4}},"5":{"start":{"line":42,"column":20},"end":{"line":44,"column":13}},"6":{"start":{"line":46,"column":0},"end":{"line":46,"column":26}},"7":{"start":{"line":47,"column":0},"end":{"line":47,"column":23}}},"fnMap":{"0":{"name":"(anonymous_0)","decl":{"start":{"line":18,"column":4},"end":{"line":18,"column":5}},"loc":{"start":{"line":18,"column":20},"end":{"line":34,"column":1}},"line":18}},"branchMap":{"0":{"loc":{"start":{"line":19,"column":16},"end":{"line":19,"column":31}},"type":"default-arg","locations":[{"start":{"line":19,"column":23},"end":{"line":19,"column":31}}],"line":19}},"s":{"0":1,"1":1,"2":1,"3":1,"4":1,"5":1,"6":1,"7":1},"f":{"0":1},"b":{"0":[1]},"_coverageSchema":"1a1c01bbd47fc00a2c39e90264f33305004495a9","hash":"bd903fbc0418c85cb9cdc8d8dc53e7f663f97554"}
,"/Users/huzhiwu/Desktop/skyui-react/src/components/Icon/index.ts": {"path":"/Users/huzhiwu/Desktop/skyui-react/src/components/Icon/index.ts","statementMap":{},"fnMap":{},"branchMap":{},"s":{},"f":{},"b":{},"_coverageSchema":"1a1c01bbd47fc00a2c39e90264f33305004495a9","hash":"14650a23e500eb5c96b467b8eb6c54e35e96a533"}
,"/Users/huzhiwu/Desktop/skyui-react/src/components/Icon/svgs/index.ts": {"path":"/Users/huzhiwu/Desktop/skyui-react/src/components/Icon/svgs/index.ts","statementMap":{"0":{"start":{"line":4,"column":16},"end":{"line":4,"column":34}}},"fnMap":{},"branchMap":{},"s":{"0":1},"f":{},"b":{},"_coverageSchema":"1a1c01bbd47fc00a2c39e90264f33305004495a9","hash":"6b49fa3d91512457d72fddf313da859fe9fda564"}
,"/Users/huzhiwu/Desktop/skyui-react/src/shared/getPrefixCls.ts": {"path":"/Users/huzhiwu/Desktop/skyui-react/src/shared/getPrefixCls.ts","statementMap":{"0":{"start":{"line":1,"column":32},"end":{"line":1,"column":37}}},"fnMap":{},"branchMap":{},"s":{"0":1},"f":{},"b":{},"_coverageSchema":"1a1c01bbd47fc00a2c39e90264f33305004495a9","hash":"e687bd5c0118ca03e612f696631792eccc2d09db"}
}
